Arguments: 
  C:\Program Files\nodejs\node.exe C:\Users\Elnakhal\AppData\Roaming\npm\node_modules\yarn\bin\yarn.js add nodmon

PATH: 
  C:\Windows\system32;C:\Windows;C:\Windows\System32\Wbem;C:\Windows\System32\WindowsPowerShell\v1.0\;C:\Windows\System32\OpenSSH\;C:\Program Files\Cloudflare\Cloudflare WARP\;C:\Program Files\dotnet\;C:\Program Files\NVIDIA Corporation\NVIDIA NvDLISR;C:\Program Files\nodejs\;C:\Program Files (x86)\NVIDIA Corporation\PhysX\Common;C:\Users\Elnakhal\AppData\Local\Microsoft\WindowsApps;;C:\Users\Elnakhal\AppData\Local\Programs\Microsoft VS Code\bin;C:\Users\Elnakhal\AppData\Roaming\npm

Yarn version: 
  1.22.19

Node version: 
  18.12.1

Platform: 
  win32 x64

Trace: 
  Error: https://registry.yarnpkg.com/nodmon: Not found
      at params.callback [as _callback] (C:\Users\Elnakhal\AppData\Roaming\npm\node_modules\yarn\lib\cli.js:66145:18)
      at self.callback (C:\Users\Elnakhal\AppData\Roaming\npm\node_modules\yarn\lib\cli.js:140890:22)
      at Request.emit (node:events:513:28)
      at Request.<anonymous> (C:\Users\Elnakhal\AppData\Roaming\npm\node_modules\yarn\lib\cli.js:141862:10)
      at Request.emit (node:events:513:28)
      at IncomingMessage.<anonymous> (C:\Users\Elnakhal\AppData\Roaming\npm\node_modules\yarn\lib\cli.js:141784:12)
      at Object.onceWrapper (node:events:627:28)
      at IncomingMessage.emit (node:events:525:35)
      at endReadableNT (node:internal/streams/readable:1359:12)
      at process.processTicksAndRejections (node:internal/process/task_queues:82:21)

npm manifest: 
  {
    "name": "file-transfer-web-app-nodejs-mongodb",
    "version": "1.0.0",
    "description": "",
    "main": "index.js",
    "scripts": {
      "test": "echo \"Error: no test specified\" && exit 1"
    },
    "author": "",
    "license": "ISC",
    "dependencies": {
      "bcrypt": "^5.0.1",
      "ejs": "^3.1.6",
      "express": "^4.17.1",
      "express-formidable": "^1.2.0",
      "express-session": "^1.17.1",
      "fs": "0.0.1-security",
      "http": "0.0.1-security",
      "mongodb": "^3.6.6"
    }
  }

yarn manifest: 
  No manifest

Lockfile: 
  No lockfile
